#
# There is insufficient memory for the Java Runtime Environment to continue.
# Native memory allocation (mmap) failed to map 201326592 bytes for Failed to commit area from 0x0000000741200000 to 0x000000074d200000 of length 201326592.
# Possible reasons:
#   The system is out of physical RAM or swap space
#   The process is running with CompressedOops enabled, and the Java Heap may be blocking the growth of the native heap
# Possible solutions:
#   Reduce memory load on the system
#   Increase physical memory or swap space
#   Check if swap backing store is full
#   Decrease Java heap size (-Xmx/-Xms)
#   Decrease number of Java threads
#   Decrease Java thread stack sizes (-Xss)
#   Set larger code cache with -XX:ReservedCodeCacheSize=
# This output file may be truncated or incomplete.
#
#  Out of Memory Error (os_windows.cpp:3386), pid=27752, tid=30028
#
# JRE version:  (11.0.19+7) (build )
# Java VM: OpenJDK 64-Bit Server VM (11.0.19+7-LTS, mixed mode, sharing, tiered, compressed oops, g1 gc, windows-amd64)
# No core dump will be written. Minidumps are not enabled by default on client versions of Windows
#

---------------  S U M M A R Y ------------

Command Line: -Dmaven.multiModuleProjectDirectory=D:\Sintad_Prueba_PracticaNc\backendPruebaPractica -Dmaven.home=C:\Program Files\JetBrains\IntelliJ IDEA 2021.3\plugins\maven\lib\maven3 -Dclassworlds.conf=C:\Program Files\JetBrains\IntelliJ IDEA 2021.3\plugins\maven\lib\maven3\bin\m2.conf -Dmaven.ext.class.path=C:\Program Files\JetBrains\IntelliJ IDEA 2021.3\plugins\maven\lib\maven-event-listener.jar -javaagent:C:\Program Files\JetBrains\IntelliJ IDEA 2021.3\lib\idea_rt.jar=55854:C:\Program Files\JetBrains\IntelliJ IDEA 2021.3\bin -Dfile.encoding=UTF-8 org.codehaus.classworlds.Launcher -Didea.version=2021.3 clean

Host: Intel(R) Core(TM) i5-9300HF CPU @ 2.40GHz, 8 cores, 11G,  Windows 10 , 64 bit Build 19041 (10.0.19041.3031)
Time: Tue Oct 10 08:09:00 2023 Hora est. Pacífico, Sudamérica elapsed time: 0.010758 seconds (0d 0h 0m 0s)

---------------  T H R E A D  ---------------

Current thread (0x000002b25b44b800):  JavaThread "Unknown thread" [_thread_in_vm, id=30028, stack(0x000000c3b1b00000,0x000000c3b1c00000)]

Stack: [0x000000c3b1b00000,0x000000c3b1c00000]
Native frames: (J=compiled Java code, j=interpreted, Vv=VM code, C=native code)
V  [jvm.dll+0x6235aa]
V  [jvm.dll+0x7b0f89]
V  [jvm.dll+0x7b2678]
V  [jvm.dll+0x7b2d53]
V  [jvm.dll+0x24fe38]
V  [jvm.dll+0x6208ba]
V  [jvm.dll+0x614e75]
V  [jvm.dll+0x30a81c]
V  [jvm.dll+0x30a6a2]
V  [jvm.dll+0x30f3b6]
V  [jvm.dll+0x35597f]
V  [jvm.dll+0x3553b0]
V  [jvm.dll+0x2e7788]
V  [jvm.dll+0x2e88e6]
V  [jvm.dll+0x78add7]
V  [jvm.dll+0x78c55f]
V  [jvm.dll+0x3626d9]
V  [jvm.dll+0x76dd40]
V  [jvm.dll+0x3d142f]
V  [jvm.dll+0x3d37c1]
C  [jli.dll+0x5227]
C  [ucrtbase.dll+0x21bb2]
C  [KERNEL32.DLL+0x17614]
C  [ntdll.dll+0x526f1]


---------------  P R O C E S S  ---------------

Threads class SMR info:
_java_thread_list=0x000002b259a3ba70, length=0, elements={
}

Java Threads: ( => current thread )

Other Threads:
  0x000002b25b462800 GCTaskThread "GC Thread#0" [stack: 0x000000c3b1c00000,0x000000c3b1d00000] [id=31888]
  0x000002b25b4ab000 ConcurrentGCThread "G1 Main Marker" [stack: 0x000000c3b1d00000,0x000000c3b1e00000] [id=39248]
  0x000002b25b4ad800 ConcurrentGCThread "G1 Conc#0" [stack: 0x000000c3b1e00000,0x000000c3b1f00000] [id=21652]

[error occurred during error reporting (printing all threads), id 0xc0000005, EXCEPTION_ACCESS_VIOLATION (0xc0000005) at pc=0x00007ff98c926fc7]

VM state:not at safepoint (not fully initialized)

VM Mutex/Monitor currently owned by a thread:  ([mutex/lock_event])
[0x000002b25b447c60] Heap_lock - owner thread: 0x000002b25b44b800

Heap address: 0x0000000741200000, size: 3054 MB, Compressed Oops mode: Non-zero based: 0x0000000741200000
Narrow klass base: 0x0000000000000000, Narrow klass shift: 0

GC Heap History (0 events):
No events

Deoptimization events (0 events):
No events

Classes redefined (0 events):
No events

Internal exceptions (0 events):
No events

Events (1 events):
Event: 0.006 Loaded shared library C:\Users\Nelcriollo\.jdks\corretto-11.0.19\bin\zip.dll


Dynamic libraries:
0x00007ff6080b0000 - 0x00007ff6080bd000 	C:\Users\Nelcriollo\.jdks\corretto-11.0.19\bin\java.exe
0x00007ff9b51b0000 - 0x00007ff9b53a8000 	C:\WINDOWS\SYSTEM32\ntdll.dll
0x00007ff9b4840000 - 0x00007ff9b48ff000 	C:\WINDOWS\System32\KERNEL32.DLL
0x00007ff9b2b80000 - 0x00007ff9b2e76000 	C:\WINDOWS\System32\KERNELBASE.dll
0x00007ff9b2fd0000 - 0x00007ff9b30d0000 	C:\WINDOWS\System32\ucrtbase.dll
0x00007ff9ac540000 - 0x00007ff9ac557000 	C:\Users\Nelcriollo\.jdks\corretto-11.0.19\bin\jli.dll
0x00007ff9ac4a0000 - 0x00007ff9ac4b9000 	C:\Users\Nelcriollo\.jdks\corretto-11.0.19\bin\VCRUNTIME140.dll
0x00007ff9b4120000 - 0x00007ff9b42bd000 	C:\WINDOWS\System32\USER32.dll
0x00007ff9b31b0000 - 0x00007ff9b31d2000 	C:\WINDOWS\System32\win32u.dll
0x00007ff98b100000 - 0x00007ff98b39a000 	C:\WINDOWS\WinSxS\amd64_microsoft.windows.common-controls_6595b64144ccf1df_6.0.19041.1110_none_60b5254171f9507e\COMCTL32.dll
0x00007ff9b40f0000 - 0x00007ff9b411c000 	C:\WINDOWS\System32\GDI32.dll
0x00007ff9b3e70000 - 0x00007ff9b3f0e000 	C:\WINDOWS\System32\msvcrt.dll
0x00007ff9b29f0000 - 0x00007ff9b2b05000 	C:\WINDOWS\System32\gdi32full.dll
0x00007ff9b2f30000 - 0x00007ff9b2fcd000 	C:\WINDOWS\System32\msvcp_win.dll
0x00007ff9b36a0000 - 0x00007ff9b36d0000 	C:\WINDOWS\System32\IMM32.DLL
0x00007ff9966c0000 - 0x00007ff99675b000 	C:\Users\Nelcriollo\.jdks\corretto-11.0.19\bin\msvcp140.dll
0x00007ff98c630000 - 0x00007ff98d1ba000 	C:\Users\Nelcriollo\.jdks\corretto-11.0.19\bin\server\jvm.dll
0x00007ff9b37c0000 - 0x00007ff9b386f000 	C:\WINDOWS\System32\ADVAPI32.dll
0x00007ff9b3210000 - 0x00007ff9b32ac000 	C:\WINDOWS\System32\sechost.dll
0x00007ff9b3d40000 - 0x00007ff9b3e66000 	C:\WINDOWS\System32\RPCRT4.dll
0x00007ff9b46b0000 - 0x00007ff9b46b8000 	C:\WINDOWS\System32\PSAPI.DLL
0x00007ff9a4ab0000 - 0x00007ff9a4ad7000 	C:\WINDOWS\SYSTEM32\WINMM.dll
0x00007ff97f830000 - 0x00007ff97f839000 	C:\WINDOWS\SYSTEM32\WSOCK32.dll
0x00007ff9a5bc0000 - 0x00007ff9a5bca000 	C:\WINDOWS\SYSTEM32\VERSION.dll
0x00007ff9b4770000 - 0x00007ff9b47db000 	C:\WINDOWS\System32\WS2_32.dll
0x00007ff9b1090000 - 0x00007ff9b10a2000 	C:\WINDOWS\SYSTEM32\kernel.appcore.dll
0x00007ff9ac690000 - 0x00007ff9ac6a0000 	C:\Users\Nelcriollo\.jdks\corretto-11.0.19\bin\verify.dll
0x00007ff9b04b0000 - 0x00007ff9b0694000 	C:\WINDOWS\SYSTEM32\DBGHELP.DLL
0x00007ff9a3fb0000 - 0x00007ff9a3fe4000 	C:\WINDOWS\SYSTEM32\dbgcore.DLL
0x00007ff9b30d0000 - 0x00007ff9b3152000 	C:\WINDOWS\System32\bcryptPrimitives.dll
0x00007ff9abd30000 - 0x00007ff9abd58000 	C:\Users\Nelcriollo\.jdks\corretto-11.0.19\bin\java.dll
0x00007ff9ac490000 - 0x00007ff9ac49a000 	C:\Users\Nelcriollo\.jdks\corretto-11.0.19\bin\jimage.dll
0x00007ff9ac480000 - 0x00007ff9ac48e000 	C:\Users\Nelcriollo\.jdks\corretto-11.0.19\bin\instrument.dll
0x00007ff9abd10000 - 0x00007ff9abd28000 	C:\Users\Nelcriollo\.jdks\corretto-11.0.19\bin\zip.dll

dbghelp: loaded successfully - version: 4.0.5 - missing functions: none
symbol engine: initialized successfully - sym options: 0x614 - pdb path: .;C:\Users\Nelcriollo\.jdks\corretto-11.0.19\bin;C:\WINDOWS\SYSTEM32;C:\WINDOWS\WinSxS\amd64_microsoft.windows.common-controls_6595b64144ccf1df_6.0.19041.1110_none_60b5254171f9507e;C:\Users\Nelcriollo\.jdks\corretto-11.0.19\bin\server

VM Arguments:
jvm_args: -Dmaven.multiModuleProjectDirectory=D:\Sintad_Prueba_PracticaNc\backendPruebaPractica -Dmaven.home=C:\Program Files\JetBrains\IntelliJ IDEA 2021.3\plugins\maven\lib\maven3 -Dclassworlds.conf=C:\Program Files\JetBrains\IntelliJ IDEA 2021.3\plugins\maven\lib\maven3\bin\m2.conf -Dmaven.ext.class.path=C:\Program Files\JetBrains\IntelliJ IDEA 2021.3\plugins\maven\lib\maven-event-listener.jar -javaagent:C:\Program Files\JetBrains\IntelliJ IDEA 2021.3\lib\idea_rt.jar=55854:C:\Program Files\JetBrains\IntelliJ IDEA 2021.3\bin -Dfile.encoding=UTF-8 
java_command: org.codehaus.classworlds.Launcher -Didea.version=2021.3 clean
java_class_path (initial): C:\Program Files\JetBrains\IntelliJ IDEA 2021.3\plugins\maven\lib\maven3\boot\plexus-classworlds-2.6.0.jar;C:\Program Files\JetBrains\IntelliJ IDEA 2021.3\plugins\maven\lib\maven3\boot\plexus-classworlds.license
Launcher Type: SUN_STANDARD

[Global flags]
     intx CICompilerCount                          = 4                                         {product} {ergonomic}
     uint ConcGCThreads                            = 2                                         {product} {ergonomic}
     uint G1ConcRefinementThreads                  = 8                                         {product} {ergonomic}
   size_t G1HeapRegionSize                         = 1048576                                   {product} {ergonomic}
    uintx GCDrainStackTargetSize                   = 64                                        {product} {ergonomic}
   size_t InitialHeapSize                          = 201326592                                 {product} {ergonomic}
   size_t MarkStackSize                            = 4194304                                   {product} {ergonomic}
   size_t MaxHeapSize                              = 3202351104                                {product} {ergonomic}
   size_t MinHeapDeltaBytes                        = 1048576                                   {product} {ergonomic}
    uintx NonNMethodCodeHeapSize                   = 5836300                                {pd product} {ergonomic}
    uintx NonProfiledCodeHeapSize                  = 122910970                              {pd product} {ergonomic}
    uintx ProfiledCodeHeapSize                     = 122910970                              {pd product} {ergonomic}
    uintx ReservedCodeCacheSize                    = 251658240                              {pd product} {ergonomic}
     bool SegmentedCodeCache                       = true                                      {product} {ergonomic}
     bool UseCompressedClassPointers               = true                                 {lp64_product} {ergonomic}
     bool UseCompressedOops                        = true                                 {lp64_product} {ergonomic}
     bool UseG1GC                                  = true                                      {product} {ergonomic}
     bool UseLargePagesIndividualAllocation        = false                                  {pd product} {ergonomic}

Logging:
Log output configuration:
 #0: stdout all=warning uptime,level,tags
 #1: stderr all=off uptime,level,tags

Environment Variables:
JAVA_HOME=C:\Program Files\Eclipse Adoptium\jdk-17.0.1.12-hotspot\
PATH=C:\Program Files\Common Files\Oracle\Java\javapath;C:\ProgramData\Oracle\Java\javapath;C:\Program Files\Eclipse Adoptium\jdk-17.0.5.8-hotspot\bin;C:\Program Files\Eclipse Adoptium\jdk-11.0.13.8-hotspot\bin;C:\Windows\system32;C:\Windows;C:\Windows\System32\Wbem;C:\Windows\System32\WindowsPowerShell\v1.0\;C:\Windows\System32\OpenSSH\;C:\Program Files (x86)\NVIDIA Corporation\PhysX\Common;C:\Program Files\NVIDIA Corporation\NVIDIA NvDLISR;C:\Program Files (x86)\Microsoft SQL Server\150\Tools\Binn\;C:\Program Files\Microsoft SQL Server\150\Tools\Binn\;C:\Program Files\Microsoft SQL Server\150\DTS\Binn\;C:\Program Files\Microsoft SQL Server\Client SDK\ODBC\170\Tools\Binn\;C:\Program Files (x86)\Microsoft SQL Server\150\DTS\Binn\;C:\WINDOWS\system32;C:\WINDOWS;C:\WINDOWS\System32\Wbem;C:\WINDOWS\System32\WindowsPowerShell\v1.0\;C:\WINDOWS\System32\OpenSSH\;C:\Program Files\Microsoft SQL Server\130\Tools\Binn\;D:\git\Git\cmd;D:\git\Git\mingw64\bin;D:\git\Git\usr\bin;C:\Program Files\dotnet\;C:\Program Files\nodejs\;C:\Users\Nelcriollo\AppData\Local\Programs\Python\Python311\Scripts\;C:\Users\Nelcriollo\AppData\Local\Programs\Python\Python311\;C:\Users\Nelcriollo\.console-ninja\.bin;C:\Program Files\MySQL\MySQL Shell 8.0\bin\;C:\Users\Nelcriollo\AppData\Local\Microsoft\WindowsApps;C:\Users\Nelcriollo\AppData\Local\Programs\Microsoft VS Code\bin;C:\Users\Nelcriollo\.dotnet\tools;D:\Heroku\bin;C:\Users\Nelcriollo\AppData\Roaming\npm
USERNAME=Nelcriollo
OS=Windows_NT
PROCESSOR_IDENTIFIER=Intel64 Family 6 Model 158 Stepping 13, GenuineIntel
TMP=C:\Users\NELCRI~1\AppData\Local\Temp
TEMP=C:\Users\NELCRI~1\AppData\Local\Temp



---------------  S Y S T E M  ---------------

OS: Windows 10 , 64 bit Build 19041 (10.0.19041.3031)
OS uptime: 12 days 12:55 hours
Hyper-V role detected

CPU:total 8 (initial active 8) (4 cores per cpu, 2 threads per core) family 6 model 158 stepping 13 microcode 0xc6, cmov, cx8, fxsr, mmx, sse, sse2, sse3, ssse3, sse4.1, sse4.2, popcnt, avx, avx2, aes, clmul, erms, 3dnowpref, lzcnt, ht, tsc, tscinvbit, bmi1, bmi2, adx, fma

Memory: 4k page, system-wide physical 12208M (887M free)
TotalPageFile size 24647M (AvailPageFile size 56M)
current process WorkingSet (physical memory assigned to process): 10M, peak: 10M
current process commit charge ("private bytes"): 60M, peak: 252M

vm_info: OpenJDK 64-Bit Server VM (11.0.19+7-LTS) for windows-amd64 JRE (11.0.19+7-LTS), built on Apr 13 2023 22:56:25 by "Administrator" with MS VC++ 15.9 (VS2017)

END.
